<?xml version="1.0" encoding="UTF-8"?>
<!-- Generated by org.testng.reporters.JUnitReportReporter -->
<testsuite hostname="LAPTOP-QD4098HC" failures="0" tests="3" name="interview.Testtwo" time="19.763" errors="0" timestamp="2021-04-26T23:27:18 IST" skipped="0">
  <testcase classname="interview.Testtwo" name="windowSwitchTest" time="4.784"/>
  <system-out/>
  <testcase classname="interview.Testtwo" name="alertTest" time="2.028"/>
  <system-out/>
  <testcase classname="interview.Testtwo" name="windowTabTest" time="12.951"/>
  <system-out/>
</testsuite> <!-- interview.Testtwo -->
