<?xml version="1.0" encoding="UTF-8"?>
<!-- Generated by org.testng.reporters.JUnitReportReporter -->
<testsuite hostname="LAPTOP-QD4098HC" failures="0" tests="1" name="interview.Testfour" time="6.348" errors="0" timestamp="2021-04-29T22:39:47 IST" skipped="0">
  <testcase classname="interview.Testfour" name="mouseHoverTest" time="6.348"/>
  <system-out/>
</testsuite> <!-- interview.Testfour -->
