<?xml version="1.0" encoding="UTF-8"?>
<!-- Generated by org.testng.reporters.JUnitReportReporter -->
<testsuite hostname="LAPTOP-QD4098HC" failures="0" tests="3" name="interview.Testthree" time="1.893" errors="0" timestamp="2021-04-27T18:43:30 IST" skipped="2">
  <testcase classname="interview.Testthree" name="autoDropdownTest" time="1.893"/>
  <system-out/>
  <testcase classname="interview.Testthree" name="mouseHoverTest">
    <skipped/>
  </testcase> <!-- mouseHoverTest -->
  <system-out/>
  <testcase classname="interview.Testthree" name="frameTest">
    <skipped/>
  </testcase> <!-- frameTest -->
  <system-out/>
</testsuite> <!-- interview.Testthree -->
