<?xml version="1.0" encoding="UTF-8"?>
<!-- Generated by org.testng.reporters.JUnitReportReporter -->
<testsuite hostname="LAPTOP-QD4098HC" failures="0" tests="3" name="interview.Testone" time="2.912" errors="0" timestamp="2021-04-27T18:43:30 IST" skipped="0">
  <testcase classname="interview.Testone" name="firstTest" time="0.498"/>
  <system-out/>
  <testcase classname="interview.Testone" name="dropDownTest" time="1.082"/>
  <system-out/>
  <testcase classname="interview.Testone" name="checkboxTest" time="1.332"/>
  <system-out/>
</testsuite> <!-- interview.Testone -->
