<?xml version="1.0" encoding="UTF-8"?>
<!-- Generated by org.testng.reporters.JUnitReportReporter -->
<testsuite hostname="LAPTOP-QD4098HC" failures="0" tests="3" name="interview.Testtwo" time="26.831" errors="0" timestamp="2021-04-27T18:43:30 IST" skipped="0">
  <testcase classname="interview.Testtwo" name="windowTabTest" time="17.710"/>
  <system-out/>
  <testcase classname="interview.Testtwo" name="alertTest" time="2.440"/>
  <system-out/>
  <testcase classname="interview.Testtwo" name="windowSwitchTest" time="6.681"/>
  <system-out/>
</testsuite> <!-- interview.Testtwo -->
